autoscan: warning: missing AC_CHECK_FUNCS([gethostbyname]) wanted by: 
	perr.c:91
autoscan: warning: missing AC_CHECK_FUNCS([gethostname]) wanted by: 
	perr.c:89
autoscan: warning: missing AC_CHECK_FUNCS([pow]) wanted by: 
	prat_wavefront_read.c:640
	prat_wavefront_read.c:640
	prat_wavefront_read.c:640
	prat_wavefront_read.c:640
	prat_wavefront_read.c:640
	prat_wavefront_read.c:640
	prat_wavefront_read.c:640
	prat_wavefront_read.c:748
	prat_wavefront_read.c:748
	prat_wavefront_read.c:748
	prat_wavefront_read.c:748
	prat_wavefront_read.c:748
	prat_wavefront_read.c:748
	prat_wavefront_read.c:748
	ratFront.c:148
	ratFront.c:807
	rpv.c:209
	rpv.c:209
	rpv.c:211
	rtn.c:425
autoscan: warning: missing AC_CHECK_FUNCS([sqrt]) wanted by: 
	2D_vectors.c:208
	2D_vectors_double.c:193
	3D_vectors_double.c:276
	4D_vectors.c:347
	ahmadd.c:297
	begue.c:18
	begue.c:24
	camera.c:269
	camera.c:270
	camera.c:549
	camera.c:567
	camera.c:573
	camera.c:592
	camera.c:720
	camera.c:930
	canopy.c:56
	cylinder.c:58
	cylinderTess.c:216
	dem.c:721
	disk.c:35
	ellipse.c:30
	ellipse.c:62
	facet.c:254
	fratP.c:414
	fratP.c:510
	fratP.c:671
	fratP.c:700
	fratP.c:1469
	hipstats.c:229
	hipstats.c:272
	hipstats.c:316
	hipstats.c:360
	hipstats.c:404
	hipstats.c:471
	prat_wavefront_read.c:2541
	prat_wavefront_read.c:2554
	prat_wavefront_read.c:2569
	prat_wavefront_read.c:2569
	ratFront.c:490
	ratFront.c:525
	ratFront.c:1424
	ratFront.c:1547
	ratFront.c:2579
	ratFront.c:2580
	ratFront.c:2581
	reflectance.c:34
	rpv.c:200
	rpv.c:201
	rpv.c:206
	sky.c:74
	sky.c:103
	sphere.c:29
	sphere.c:97
	sphere.c:125
	sphereTess.c:214
	spheroid.c:119
	spheroid.c:154
	vectors2.c:299
	volumeRayTrace.c:7
	volumeRayTrace.c:13
	volumeRayTrace.c:165
autoscan: warning: missing AC_CHECK_FUNCS([strcasecmp]) wanted by: 
	envilib.c:247
	envilib.c:249
	envilib.c:293
	fratP.c:2449
	fratP.c:2449
	fratP.c:2449
	fratP.c:2449
	ratFront.c:501
	ratFront.c:518
	ratFront.c:1140
	ratFront.c:1148
	ratFront.c:1152
	ratFront.c:1154
	ratFront.c:1154
	ratFront.c:1161
	ratFront.c:1163
	ratFront.c:1166
	ratFront.c:1169
	ratFront.c:1172
	ratFront.c:1175
	ratFront.c:1178
	ratFront.c:1180
	ratFront.c:1182
	ratFront.c:1184
	ratFront.c:1193
	ratFront.c:1202
	ratFront.c:1221
	ratFront.c:1224
	ratFront.c:1232
	ratFront.c:1240
	ratFront.c:1243
	ratFront.c:1246
	ratFront.c:1249
	ratFront.c:1252
	ratFront.c:1255
	ratFront.c:1273
	ratFront.c:1294
	ratFront.c:1295
	ratFront.c:1297
	ratFront.c:1299
	ratFront.c:1305
	ratFront.c:1314
	ratFront.c:1315
	ratFront.c:1317
	ratFront.c:1323
	ratFront.c:1324
	ratFront.c:1329
	ratFront.c:1332
	ratFront.c:1335
	ratFront.c:1336
	ratFront.c:1338
	ratFront.c:1340
	ratFront.c:1342
	ratFront.c:1344
	ratFront.c:1346
	ratFront.c:1348
	ratFront.c:1350
	ratFront.c:1352
	ratFront.c:1354
	ratFront.c:1356
	ratFront.c:1358
	ratFront.c:1360
	ratFront.c:1362
	ratFront.c:1365
	ratFront.c:1368
	ratFront.c:1371
	ratFront.c:1379
	ratFront.c:1555
	ratFront.c:1555
	ratFront.c:1593
autoscan: warning: missing AC_CHECK_FUNCS([strchr]) wanted by: 
	camera.c:11
	camera.c:32
	camera.c:40
	camera.c:78
	camera.c:89
	camera.c:121
	dem.c:148
	dem.c:257
	dummy.c:12
	envilib.c:36
	envilib.c:59
	envilib.c:60
	envilib.c:81
	envilib.c:82
	files.c:154
	files.c:161
	fratP.c:2347
	mtllib.c:416
	mtllib.c:431
	mtllib.c:442
	mtllib.c:510
	mtllib.c:536
	mtllib.c:552
	mtllib.c:557
	mtllib.c:557
	mtllib.c:563
	mtllib.c:579
	mtllib.c:580
	mtllib.c:603
	mtllib.c:609
	mtllib.c:642
	mtllib.c:648
	prat_wavefront_read.c:979
	prat_wavefront_read.c:980
	prat_wavefront_read.c:981
	prat_wavefront_read.c:999
	prat_wavefront_read.c:1000
	prat_wavefront_read.c:1009
	prat_wavefront_read.c:1010
	prat_wavefront_read.c:1019
	prat_wavefront_read.c:1020
	prat_wavefront_read.c:1028
	prat_wavefront_read.c:1041
	prat_wavefront_read.c:1049
	prat_wavefront_read.c:1253
	prat_wavefront_read.c:2855
	sky.c:31
	include/prat.h:79
autoscan: warning: missing AC_CHECK_FUNCS([strdup]) wanted by: 
	stripheader.c:32
autoscan: warning: missing AC_CHECK_FUNCS([strerror]) wanted by: 
	imagelib.c:1045
autoscan: warning: missing AC_CHECK_FUNCS([strncasecmp]) wanted by: 
	hipstats.c:72
	hipstats.c:79
	hipstats.c:82
	hipstats.c:82
	hipstats.c:83
	hipstats.c:88
	hipstats.c:88
autoscan: warning: missing AC_CHECK_FUNCS([strrchr]) wanted by: 
	envilib.c:73
	libhipl.c:604
	perr.c:72
	perr.c:108
autoscan: warning: missing AC_CHECK_HEADERS([fcntl.h]) wanted by: 
	bs.c:5
	filelib.c:5
	hips2pbm.c:5
	imagelib.c:8
	include/prat.h:13
autoscan: warning: missing AC_CHECK_HEADERS([limits.h]) wanted by: 
	hipstats.c:5
	matrix.c:29
	randlcg.c:7
	include/frat.h:8
autoscan: warning: missing AC_CHECK_HEADERS([malloc.h]) wanted by: 
	include/hipl_format.h:23
autoscan: warning: missing AC_CHECK_HEADERS([netdb.h]) wanted by: 
	perr.c:23
	include/prat.h:31
autoscan: warning: missing AC_CHECK_HEADERS([stdlib.h]) wanted by: 
	3D_vectors_double.c:6
	4D_vectors.c:15
	allocate.c:6
	bs.c:8
	cylinderTess.c:25
	envilib.c:8
	filelib.c:2
	fratP.c:2
	hiplib.c:7
	hips2pbm.c:8
	hipstats.c:3
	imagelib.c:3
	libhipl.c:2
	linear.c:16
	linear.c:17
	matrix.c:26
	perr.c:15
	prat_wavefront_read.c:2
	r250.c:1
	reseq.c:19
	sphereTess.c:25
	stripheader.c:5
	vectors2.c:6
	write_header.c:2
	include/prat.h:11
	include/rat.h:3
autoscan: warning: missing AC_CHECK_HEADERS([string.h]) wanted by: 
	allocate.c:5
	bs.c:7
	envilib.c:2
	hips2pbm.c:7
	libhipl.c:1
	linear.c:19
	ratFront.c:9
	reseq.c:15
	stripheader.c:7
	useful.c:4
	write_header.c:1
	include/prat.h:12
autoscan: warning: missing AC_CHECK_HEADERS([strings.h]) wanted by: 
	allocate.c:9
	envilib.c:3
	hipstats.c:2
	include/filelib.h:3
	include/prat.h:15
autoscan: warning: missing AC_CHECK_HEADERS([sys/file.h]) wanted by: 
	include/prat.h:28
autoscan: warning: missing AC_CHECK_HEADERS([sys/param.h]) wanted by: 
	perr.c:24
	include/useful3.h:15
autoscan: warning: missing AC_CHECK_HEADERS([sys/socket.h]) wanted by: 
	perr.c:22
	include/prat.h:26
autoscan: warning: missing AC_CHECK_HEADERS([sys/time.h]) wanted by: 
	include/prat.h:34
autoscan: warning: missing AC_CHECK_HEADERS([unistd.h]) wanted by: 
	3D_vectors_double.c:5
	4D_vectors.c:14
	bs.c:12
	dumper.c:2
	envilib.c:9
	imagelib.c:5
	images.c:3
	libhipl.c:3
	linear.c:22
	reseq.c:18
	vectors2.c:5
	include/frat.h:18
	include/prat.h:19
autoscan: warning: missing AC_CHECK_HEADERS([values.h]) wanted by: 
	hipstats.c:8
autoscan: warning: missing AC_C_INLINE wanted by: 
	include/ratFront.h:24
	include/ratFront.h:28
	include/ratFront.h:32
autoscan: warning: missing AC_FUNC_ERROR_AT_LINE wanted by: 
	include/useful3.h:126
autoscan: warning: missing AC_FUNC_FSEEKO wanted by: 
	imagelib.c:1014
autoscan: warning: missing AC_FUNC_MALLOC wanted by: 
	libhipl.c:838
	linear.c:116
	reseq.c:93
	reseq.c:96
	stripheader.c:65
autoscan: warning: missing AC_FUNC_MMAP wanted by: 
	imagelib.c:1044
	imagelib.c:1421
	images.c:106
	images.c:109
	images.c:196
	images.c:201
	images.c:273
	images.c:278
autoscan: warning: missing AC_PREREQ wanted by: 
	autoscan
autoscan: warning: missing AC_PROG_CC wanted by: 
	2D_vectors.c
	2D_vectors_double.c
	3D_vectors_double.c
	4D_vectors.c
	ahmadd.c
	allocate.c
	bbox.c
	begue.c
	bilinear.c
	brdf.c
	bs.c
	camera.c
	canopy.c
	clone.c
	cylinder.c
	cylinderTess.c
	dem.c
	dft.c
	disk.c
	dummy.c
	dumper.c
	ellipse.c
	envilib.c
	error.c
	facet.c
	filelib.c
	files.c
	fratP.c
	hiplib.c
	hips2pbm.c
	hipstats.c
	imagelib.c
	images.c
	intersect_objects.c
	libhipl.c
	linear.c
	material.c
	matherr.c
	matrix.c
	mtllib.c
	perr.c
	plane.c
	prat_wavefront_read.c
	r250.c
	randlcg.c
	random.c
	ratFront.c
	reflectance.c
	reseq.c
	rexec_test.c
	rpv.c
	rtn.c
	rusage.c
	sensor_rsr.c
	sky.c
	sphere.c
	sphereTess.c
	spheroid.c
	start.c
	statships.c
	stripheader.c
	test.c
	tester.c
	useful.c
	vectors2.c
	volumeRayTrace.c
	write_header.c
	include/2D_vectors.h
	include/2D_vectors_double.h
	include/3D_vectors_double.h
	include/4D_vectors.h
	include/afrc_groups.h
	include/ahmadd.h
	include/allocate.h
	include/bags.h
	include/begue.h
	include/block.h
	include/camera.h
	include/clone.h
	include/Complex.h
	include/contributions.h
	include/define_float.h
	include/dlfcn.h
	include/element_types.h
	include/error.h
	include/f2c.h
	include/farm.h
	include/farm_ararat.h
	include/field.h
	include/filelib.h
	include/files.h
	include/frat.h
	include/functional_representations.h
	include/generate.h
	include/globals.h
	include/hipl_format.h
	include/hiplib.h
	include/hips.h
	include/image_formats.h
	include/imagelib.h
	include/interpret2.h
	include/intersect_objects.h
	include/materials.h
	include/matrix.h
	include/mtllib.h
	include/no_parms_functional_representations.h
	include/pheno.h
	include/prat.h
	include/prat_objects.h
	include/primitive_attributes.h
	include/prospect.h
	include/r250.h
	include/randlcg.h
	include/rat.h
	include/ratFront.h
	include/reflectance.h
	include/reflectance_functions.h
	include/rpv.h
	include/rtn.h
	include/sensor_rsr.h
	include/specular.h
	include/useful.h
	include/useful3.h
	include/useful4.h
	include/vector_macros.h
	include/vectors2.h
	include/vectors3.h
	include/verstraete.h
	include/volume.h
	include/wavefront.h
	include/wavefront_read.h
autoscan: warning: missing AC_TYPE_OFF_T wanted by: 
	imagelib.c:981
	imagelib.c:1044
	imagelib.c:1421
autoscan: warning: missing AC_TYPE_PID_T wanted by: 
	include/prat.h:89
autoscan: warning: missing AC_TYPE_SIZE_T wanted by: 
	envilib.c:17
	envilib.c:51
	envilib.c:200
	libhipl.c:315
	prat_wavefront_read.c:2888
	prat_wavefront_read.c:2888
	ratFront.c:15
